/*C6*/SET SCHEMA PUBLIC
DISCONNECT
/*C4*/SET SCHEMA PUBLIC
DISCONNECT
/*C5*/SET SCHEMA PUBLIC
DISCONNECT
/*C7*/SET SCHEMA PUBLIC
DISCONNECT
/*C8*/SET SCHEMA INGENIO
DELETE FROM TRASHCANADETALLE2 WHERE ID='ff8080817188fd34017188fe08b80000'
INSERT INTO TRASHCANADETALLE2 VALUES('ff8080817188fd34017188fe08b80000','2019-08-03 07:00:00.000000',37.60,NULL,9.40,'ff808081716c39f201716c43535d0000')
DELETE FROM TRASHCANADETALLE2 WHERE ID='ff808081718951e101718953839a0000'
INSERT INTO TRASHCANADETALLE2 VALUES('ff808081718951e101718953839a0000','2019-08-03 11:00:00.000000',33.10,NULL,8.28,'ff808081716c39f201716c43535d0000')
DELETE FROM TRASHCANADETALLE2 WHERE ID='ff8080817189f531017189f7550f0000'
INSERT INTO TRASHCANADETALLE2 VALUES('ff8080817189f531017189f7550f0000','2019-08-03 17:00:00.000000',40.50,NULL,10.13,'ff808081716c39f201716c43535d0000')
DELETE FROM TRASHCANADETALLE2 WHERE ID='ff8080817189f531017189f77f470001'
INSERT INTO TRASHCANADETALLE2 VALUES('ff8080817189f531017189f77f470001','2019-08-03 19:00:00.000000',48.00,NULL,12.00,'ff808081716c39f201716c43535d0000')
DELETE FROM TRASHCANADETALLE2 WHERE ID='ff8080817189f531017189f7e8cf0002'
INSERT INTO TRASHCANADETALLE2 VALUES('ff8080817189f531017189f7e8cf0002','2019-08-03 21:00:00.000000',25.30,NULL,6.33,'ff808081716c39f201716c43535d0000')
DELETE FROM TRASHCANADETALLE2 WHERE ID='ff8080817189fba801718a01175c0000'
INSERT INTO TRASHCANADETALLE2 VALUES('ff8080817189fba801718a01175c0000','2019-08-03 23:00:00.000000',41.40,NULL,10.35,'ff808081716c39f201716c43535d0000')
DELETE FROM TRASHCANADETALLE2 WHERE ID='ff8080817189fba801718a017d4d0001'
INSERT INTO TRASHCANADETALLE2 VALUES('ff8080817189fba801718a017d4d0001','2019-08-04 01:00:00.000000',36.50,NULL,9.13,'ff808081716c39f201716c43535d0000')
DELETE FROM TRASHCANADETALLE2 WHERE ID='ff8080817189fba801718a01bf310002'
INSERT INTO TRASHCANADETALLE2 VALUES('ff8080817189fba801718a01bf310002','2019-08-04 03:00:00.000000',45.80,NULL,11.45,'ff808081716c39f201716c43535d0000')
DELETE FROM TRASHCANADETALLE2 WHERE ID='ff8080817189fba801718a01e5d20003'
INSERT INTO TRASHCANADETALLE2 VALUES('ff8080817189fba801718a01e5d20003','2019-08-04 05:00:00.000000',47.00,NULL,11.75,'ff808081716c39f201716c43535d0000')
COMMIT
DELETE FROM TRASHCANADETALLE2 WHERE ID='ff8080817189fba801718a01e5d20003'
INSERT INTO TRASHCANADETALLE2 VALUES('ff8080817189fba801718a01e5d20003','2019-08-04 05:00:00.000000',47.70,NULL,11.75,'ff808081716c39f201716c43535d0000')
COMMIT
DELETE FROM TRASHCANADETALLE2 WHERE ID='ff8080817189fba801718a01e5d20003'
INSERT INTO TRASHCANADETALLE2 VALUES('ff8080817189fba801718a01e5d20003','2019-08-04 05:00:00.000000',47.70,NULL,11.93,'ff808081716c39f201716c43535d0000')
COMMIT
